# JRE version: OpenJDK Runtime Environment Microsoft-8035246 (17.0.8+7) (build 17.0.8+7-LTS)
# Java VM: OpenJDK 64-Bit Server VM Microsoft-8035246 (17.0.8+7-LTS, mixed mode, sharing, tiered, compressed oops, compressed class ptrs, g1 gc, windows-amd64)
GC Precious Log:
 CPUs: 8 total, 8 available
 Memory: 20245M
 Large Page Support: Disabled
 NUMA Support: Disabled
 Compressed Oops: Enabled (32-bit)
 Heap Region Size: 1M
 Heap Min Capacity: 8M
 Heap Initial Capacity: 318M
 Heap Max Capacity: 2G
 Pre-touch: Disabled
 Parallel Workers: 8
 Concurrent Workers: 2
 Concurrent Refinement Workers: 8
 Periodic GC: Disabled
Heap:
 garbage-first heap   total 438272K, used 238728K [0x0000000080000000, 0x0000000100000000)
  region size 1024K, 38 young (38912K), 10 survivors (10240K)
 Metaspace       used 104132K, committed 105472K, reserved 557056K
  class space    used 14437K, committed 15040K, reserved 425984K
GC Heap History (20 events):
Event: 20.451 GC heap before
{Heap before GC invocations=47 (full 0):
 garbage-first heap   total 201728K, used 160303K [0x0000000080000000, 0x0000000100000000)
  region size 1024K, 43 young (44032K), 2 survivors (2048K)
 Metaspace       used 89278K, committed 90240K, reserved 557056K
  class space    used 12621K, committed 13056K, reserved 425984K
}
Event: 20.457 GC heap after
{Heap after GC invocations=48 (full 0):
 garbage-first heap   total 201728K, used 125426K [0x0000000080000000, 0x0000000100000000)
  region size 1024K, 6 young (6144K), 6 survivors (6144K)
 Metaspace       used 89278K, committed 90240K, reserved 557056K
  class space    used 12621K, committed 13056K, reserved 425984K
}
Event: 20.973 GC heap before
{Heap before GC invocations=49 (full 0):
 garbage-first heap   total 219136K, used 164338K [0x0000000080000000, 0x0000000100000000)
  region size 1024K, 41 young (41984K), 6 survivors (6144K)
 Metaspace       used 89591K, committed 90624K, reserved 557056K
  class space    used 12654K, committed 13120K, reserved 425984K
}
Event: 20.980 GC heap after
{Heap after GC invocations=50 (full 0):
 garbage-first heap   total 219136K, used 139337K [0x0000000080000000, 0x0000000100000000)
  region size 1024K, 6 young (6144K), 6 survivors (6144K)
 Metaspace       used 89591K, committed 90624K, reserved 557056K
  class space    used 12654K, committed 13120K, reserved 425984K
}
Event: 21.026 GC heap before
{Heap before GC invocations=50 (full 0):
 garbage-first heap   total 219136K, used 143433K [0x0000000080000000, 0x0000000100000000)
  region size 1024K, 10 young (10240K), 6 survivors (6144K)
 Metaspace       used 89672K, committed 90688K, reserved 557056K
  class space    used 12668K, committed 13120K, reserved 425984K
}
Event: 21.032 GC heap after
{Heap after GC invocations=51 (full 0):
 garbage-first heap   total 438272K, used 141239K [0x0000000080000000, 0x0000000100000000)
  region size 1024K, 2 young (2048K), 2 survivors (2048K)
 Metaspace       used 89672K, committed 90688K, reserved 557056K
  class space    used 12668K, committed 13120K, reserved 425984K
}
Event: 22.611 GC heap before
{Heap before GC invocations=51 (full 0):
 garbage-first heap   total 438272K, used 294839K [0x0000000080000000, 0x0000000100000000)
  region size 1024K, 151 young (154624K), 2 survivors (2048K)
 Metaspace       used 97290K, committed 98368K, reserved 557056K
  class space    used 13701K, committed 14208K, reserved 425984K
}
Event: 22.622 GC heap after
{Heap after GC invocations=52 (full 0):
 garbage-first heap   total 438272K, used 159481K [0x0000000080000000, 0x0000000100000000)
  region size 1024K, 18 young (18432K), 18 survivors (18432K)
 Metaspace       used 97290K, committed 98368K, reserved 557056K
  class space    used 13701K, committed 14208K, reserved 425984K
}
Event: 23.587 GC heap before
{Heap before GC invocations=52 (full 0):
 garbage-first heap   total 438272K, used 303865K [0x0000000080000000, 0x0000000100000000)
  region size 1024K, 160 young (163840K), 18 survivors (18432K)
 Metaspace       used 99166K, committed 100352K, reserved 557056K
  class space    used 13935K, committed 14464K, reserved 425984K
}
Event: 23.601 GC heap after
{Heap after GC invocations=53 (full 0):
 garbage-first heap   total 438272K, used 171994K [0x0000000080000000, 0x0000000100000000)
  region size 1024K, 13 young (13312K), 13 survivors (13312K)
 Metaspace       used 99166K, committed 100352K, reserved 557056K
  class space    used 13935K, committed 14464K, reserved 425984K
}
Event: 24.476 GC heap before
{Heap before GC invocations=53 (full 0):
 garbage-first heap   total 438272K, used 325594K [0x0000000080000000, 0x0000000100000000)
  region size 1024K, 156 young (159744K), 13 survivors (13312K)
 Metaspace       used 99717K, committed 100928K, reserved 557056K
  class space    used 13995K, committed 14528K, reserved 425984K
}
Event: 24.489 GC heap after
{Heap after GC invocations=54 (full 0):
 garbage-first heap   total 438272K, used 184897K [0x0000000080000000, 0x0000000100000000)
  region size 1024K, 13 young (13312K), 13 survivors (13312K)
 Metaspace       used 99717K, committed 100928K, reserved 557056K
  class space    used 13995K, committed 14528K, reserved 425984K
}
Event: 25.281 GC heap before
{Heap before GC invocations=54 (full 0):
 garbage-first heap   total 438272K, used 350785K [0x0000000080000000, 0x0000000100000000)
  region size 1024K, 156 young (159744K), 13 survivors (13312K)
 Metaspace       used 100120K, committed 101376K, reserved 557056K
  class space    used 14042K, committed 14592K, reserved 425984K
}
Event: 25.295 GC heap after
{Heap after GC invocations=55 (full 0):
 garbage-first heap   total 438272K, used 195583K [0x0000000080000000, 0x0000000100000000)
  region size 1024K, 11 young (11264K), 11 survivors (11264K)
 Metaspace       used 100120K, committed 101376K, reserved 557056K
  class space    used 14042K, committed 14592K, reserved 425984K
}
Event: 25.710 GC heap before
{Heap before GC invocations=55 (full 0):
 garbage-first heap   total 438272K, used 348159K [0x0000000080000000, 0x0000000100000000)
  region size 1024K, 153 young (156672K), 11 survivors (11264K)
 Metaspace       used 100402K, committed 101632K, reserved 557056K
  class space    used 14090K, committed 14656K, reserved 425984K
}
Event: 25.721 GC heap after
{Heap after GC invocations=56 (full 0):
 garbage-first heap   total 438272K, used 201990K [0x0000000080000000, 0x0000000100000000)
  region size 1024K, 18 young (18432K), 18 survivors (18432K)
 Metaspace       used 100402K, committed 101632K, reserved 557056K
  class space    used 14090K, committed 14656K, reserved 425984K
}
Event: 2211.855 GC heap before
{Heap before GC invocations=56 (full 0):
 garbage-first heap   total 438272K, used 355590K [0x0000000080000000, 0x0000000100000000)
  region size 1024K, 160 young (163840K), 18 survivors (18432K)
 Metaspace       used 103693K, committed 104960K, reserved 557056K
  class space    used 14411K, committed 14976K, reserved 425984K
}
Event: 2211.881 GC heap after
{Heap after GC invocations=57 (full 0):
 garbage-first heap   total 438272K, used 207509K [0x0000000080000000, 0x0000000100000000)
  region size 1024K, 13 young (13312K), 13 survivors (13312K)
 Metaspace       used 103693K, committed 104960K, reserved 557056K
  class space    used 14411K, committed 14976K, reserved 425984K
}
Event: 7086.566 GC heap before
{Heap before GC invocations=57 (full 0):
 garbage-first heap   total 438272K, used 354965K [0x0000000080000000, 0x0000000100000000)
  region size 1024K, 157 young (160768K), 13 survivors (13312K)
 Metaspace       used 103982K, committed 105152K, reserved 557056K
  class space    used 14426K, committed 14976K, reserved 425984K
}
Event: 7086.594 GC heap after
{Heap after GC invocations=58 (full 0):
 garbage-first heap   total 438272K, used 212104K [0x0000000080000000, 0x0000000100000000)
  region size 1024K, 10 young (10240K), 10 survivors (10240K)
 Metaspace       used 103982K, committed 105152K, reserved 557056K
  class space    used 14426K, committed 14976K, reserved 425984K
}

